0001 Ham	0
0002 Ham	0
0003 Ham	0
0004 Ham	0
0005 Ham	0
0006 Ham	0
0007 Ham	0
0008 Ham	0
0009 Ham	0
0010 Ham	0
0011 Ham	0
0012 Ham	0
0013 Ham	0
0014 Ham	0
0015 Ham	0
0016 Ham	0
0017 Ham	0
0018 Ham	0
0019 Ham	0
0020 Ham	0
0021 Ham	0
0022 Ham	0
0023 Ham	0
0024 Ham	0
0025 Ham	0
0026 Ham	0
0027 Ham	0
0028 Ham	0
0029 Ham	0
0030 Ham	0
0031 Ham	0
0032 Ham	0
0033 Ham	0
0034 Ham	0
0035 Ham	0
0036 Ham	0
0037 Ham	0
0038 Ham	0
0039 Ham	0
0040 Ham	0
0041 Ham	0
0042 Ham	0
0043 Ham	0
0044 Ham	0
0045 Ham	0
0046 Ham	0
0047 Ham	0
0048 Ham	0
0049 Ham	0
0050 Ham	0
0051 Ham	0
0052 Ham	0
0053 Ham	0
0054 Ham	0
0055 Ham	0
0056 Ham	0
0057 Ham	0
0058 Ham	0
0059 Ham	0
0060 Ham	0
0061 Ham	0
0062 Ham	0
0063 Ham	0
0064 Ham	0
0065 Ham	0
0066 Ham	0
0067 Ham	0
0068 Ham	0
0069 Ham	0
0070 Ham	0
0071 Ham	0
0072 Ham	0
0073 Ham	0
0074 Ham	0
0075 Ham	0
0076 Ham	0
0077 Ham	0
0078 Ham	0
0079 Ham	0
0080 Ham	0
0081 Ham	0
0082 Ham	0
0083 Ham	0
0084 Ham	0
0085 Ham	0
0086 Ham	0
0087 Ham	0
0088 Ham	0
0089 Ham	0
0090 Ham	0
0091 Ham	0
0092 Ham	0
0093 Ham	0
0094 Ham	0
0095 Ham	0
0096 Ham	0
0097 Ham	0
0098 Ham	0
0099 Ham	0
0100 Ham	0
