HAM
Dictionary Size: 2298
Total Number of Words: 14572
0 16
00 25
000 45
001 3
002 1
007 2
01 49
012 8
02 26
0255 1
03 14
036474336 1
0398 1
04 20
05 11
055 2
0584 1
06 8
065 1
07 7
078 1
08 20
081 2
088889774 1
089 9
09 17
0910 1
0952 1
0989813 1
0991 1
1 78
10 45
100 13
1000 1
101 2
1019 1
102 4
1031 1
1043 1
105 1
1052 2
1060 1
1063 1
108 1
11 31
110 1
114427 1
11500 3
1188 1
12 127
1200 4
120000 1
123395 1
125066 2
128952 2
13 8
130917 1
131048 1
131054 1
132030 1
133 1
1373 2
1375 1
1394 4
14 16
1401 1
1428 6
1431 5
143974 1
1441 4
146907159 1
148415904 1
1485 1
149 1
15 17
15000 2
1505 1
1508 1
1512 5
1517 1
1520 1
1553 1
1563 1
15631 1
16 10
1689 1
17 13
1718 1
1789 1
18 16
1800 2
1866 1
18690 1
19 7
1998 1
1999 23
2 30
20 28
200 6
2000 45
2001 1
201 2
20123 1
204 1
2050 1
20738 1
20783 1
20787 1
209 1
21 17
214 3
215 1
2159 1
216 1
2186 2
22 10
224 1
228 2
2293 1
2294 1
23 21
230 4
233 1
2333 1
2395 1
24 20
2455 1
2456 1
2458 1
25 2
252050406 1
2532 1
2540 2
255326837 1
258 1
26 4
260 2
2630 1
2666 1
2674 1
27 16
27049 2
27182 1
2722 1
28 10
2808 1
281 10
2813 1
282 1
29 15
293 1
29320 1
2995 1
3 27
30 14
300 5
3011 1
3026 1
31 14
312 2
3144 1
31837 1
32 4
3201 2
33 3
332 1
33282 1
33321 2
3359 1
34 6
3404 1
3405 2
34202 1
344 1
3450 1
35 5
35085 1
3546 1
35615 1
3569 1
36 4
36449 2
368 1
369 3
37 2
370 1
37008 2
37159 2
3757 1
38 5
3810 1
385 1
39 1
392 2
394 4
4 31
40 2
400 3
4006 1
4028 1
41 1
4120 2
4149 1
415 2
41500 4
417 1
42 2
420 1
422 1
43 3
431 1
44 2
440 4
443 1
446 2
448 2
45 6
450 1
4562 1
46 3
4602 1
462 1
47 3
48 1
480 1
49 5
4965 1
497 1
5 11
50 3
500 8
50000 3
504 1
505 1
5053 3
506 1
5097 2
51 1
5121 1
5128 1
52 2
521 1
52109 1
528 1
5366 1
54 2
5446 1
549 1
55 1
552 1
5553 1
5555 2
557 1
5576 1
559 1
56 1
562 2
565 1
58 2
5839 1
584 1
5848 1
586 1
587 1
59 1
5923 1
594 1
5952 1
5954 1
599 1
6 22
60 1
600 2
6004 2
602 1
6186 1
6203 1
62163 1
62413 1
6255 1
627 2
6290 1
63 1
635 1
6353 2
6366 1
6373 2
6392 2
6396 1
6400 1
64365 1
646 2
64610 2
6523 2
655 1
6558 1
6561 1
6562 1
660 2
6614 2
670 1
6722 7
674 1
68 1
6801 1
688 1
693 1
69545 1
696 1
697 1
698 2
6992 2
7 14
700 1
70222 1
703 1
712 1
713 43
7159 2
7247 1
7268 3
73 1
733 2
7342 2
7367 1
738 1
74 2
750 1
7578 1
7581 1
759 1
761 2
7612 1
762 1
76365 1
764 1
767 2
77056 2
7722 1
77555 1
785 1
78581 1
789118270 1
790 1
793 1
796 1
8 21
800 2
8018 3
8153 1
82269 1
825854664 1
8332 1
836 1
8368 1
8376 1
840 1
847 2
853 7
8603 1
8608 1
869279893 1
8698 1
875 2
877 1
878 1
888 4
895 1
9 20
90 1
903 1
9067 1
908 1
9084 1
92 3
920 2
9200 1
925 1
9272 2
9284 1
928976257 1
92943 2
92956 2
92963 2
93035 1
931 1
93487 2
93728 2
93730 1
9375 1
93750 2
93883 2
9404 1
9434 2
9448 2
949 1
9497 1
95 2
95394 1
95912 2
96 1
96002441 1
96006681 1
96016761 1
96016884 1
96018049 1
9610 2
964 2
9643 2
96731 2
9676 2
97 10
970 3
9720 1
98 12
980068 1
9810 1
9813 2
982 1
984046 2
984056 2
984143 2
984286 2
984724 2
984959 2
985192 2
985360 2
985430 2
985541 2
985547 2
985754 2
985801 2
985972 2
985982 2
986015 2
986063 2
986140 2
986668 2
986722 2
986725 2
986757 2
986782 3
986833 2
989620 2
989629 2
989663 2
989664 2
989679 2
989730 2
989736 2
989813 2
99 134
990 2
999 2
a 162
abbreviation 2
ability 1
able 3
about 5
above 8
absence 2
accomodate 4
accomodates 1
accomplish 1
according 2
account 15
accounting 2
accounts 1
accrual 2
accuracy 2
accurate 2
active 5
actively 1
actually 2
actuals 2
add 2
additional 3
additionally 3
address 1
addressed 1
adequate 1
adjust 1
adjustment 1
advance 4
advice 1
advise 2
advises 1
affect 3
affected 1
affiliate 3
after 2
afternoon 1
again 8
age 2
ago 3
agree 1
agreed 5
agreement 13
agrees 1
agua 5
aimee 13
albemarle 1
all 39
allen 9
allocate 4
allocated 6
allocating 3
allocation 5
allocations 4
allow 3
allows 1
already 5
also 10
altra 1
always 5
am 64
amended 1
america 11
ami 46
amount 2
an 20
anadarko 2
and 169
anderson 1
anita 2
annette 1
another 2
answer 2
answered 1
answers 1
anthing 1
anticipate 2
antoine 1
any 39
anymore 1
anyone 5
anything 5
apache 2
apologize 1
appear 1
appears 3
applied 1
appreciate 3
appreciated 1
appropriate 1
appropriately 2
approval 1
approve 2
approx 3
approximately 2
aquila 1
are 52
areas 2
around 1
arrangement 2
arrangements 2
as 67
asap 1
asked 4
asking 3
assess 1
assigned 7
assignment 1
assignments 3
assistance 3
assistant 2
associated 1
assume 1
assumed 1
assuming 3
assure 1
at 75
attached 15
attend 2
attention 1
audit 1
avail 1
available 7
avails 9
aware 2
b 23
back 22
backup 3
balance 1
balances 2
bammel 2
barbara 1
base 3
based 4
baseload 2
basis 1
basket 1
batch 2
battle 2
battleground 1
baumbach 1
baxter 2
be 89
beaumont 13
because 1
been 17
before 6
began 2
begin 3
beginning 4
begins 3
behind 1
being 8
believe 4
belongs 1
below 8
ben 2
benedicta 1
benoit 1
berclair 2
bernice 1
besancon 2
best 7
between 4
bid 1
bidweek 1
big 4
bill 1
bl 1
black 4
blacked 3
blair 1
blessed 1
block 2
bluff 1
bmar 1
bmc 2
bnp 2
bob 8
booked 1
both 8
bought 1
brandywine 6
brayton 2
brazos 1
brenda 4
brennan 2
bridge 3
bridgeback 1
bring 1
britten 1
broker 1
brokered 1
brought 2
bryan 3
bryce 2
bryson 1
btu 2
business 9
bussell 1
busy 1
but 28
buy 6
buyback 17
buybacks 1
buying 2
by 68
c 11
cage 3
cal 1
call 25
called 1
calling 1
calls 1
calpine 5
camp 19
can 37
cannot 1
capacity 1
capture 1
captured 1
care 2
carefully 1
carlos 12
carries 1
carthage 11
cartwheel 2
cash 5
cc 71
ccgm 1
ccng 1
cell 2
cellular 3
cent 1
centana 1
cernosek 1
certainly 1
ces 2
chambers 1
chance 2
change 10
changed 2
changes 6
channel 11
chapman 1
charges 1
charlie 1
charlotte 8
check 4
checked 4
checking 1
checks 1
chokshi 36
chooses 1
christi 2
christine 1
christmas 2
chryal 1
chyral 4
cinergy 1
citgo 3
city 1
clarification 1
clarify 1
class 1
clean 1
cleanup 1
clear 4
clem 1
close 4
clynes 8
co 2
coastal 1
code 3
cody 1
cokinos 4
coletto 2
cologne 2
column 2
columns 1
com 13
come 4
comfortable 1
coming 3
comitas 1
commence 1
commenced 1
comments 5
commercial 3
committed 2
common 2
communication 1
company 5
complete 4
completely 1
completing 2
components 1
concerned 1
concernig 2
concerns 3
confidence 1
confident 1
confirm 3
confirmation 4
confirmations 3
confirmed 3
confirms 1
conflicting 2
confusion 2
connect 1
connie 3
connor 1
conroe 4
constraints 1
contact 7
contacts 3
content 2
continually 1
continue 8
continues 1
continuing 1
contract 39
contracts 15
control 11
controlled 1
convenience 1
conversation 1
conversations 1
cooperation 2
coordinate 2
copy 2
coral 2
cordes 1
corp 50
corporation 3
corpus 2
correct 4
corrected 1
correctly 3
costilla 1
could 9
counterpart 2
counterparty 6
counties 4
country 1
county 6
couple 2
cover 2
covered 1
cowboy 1
cp 1
cpr 6
create 2
creek 2
critical 6
crossing 2
csikos 1
ctpty 1
current 7
currently 6
customer 1
cut 3
d 42
daily 5
dale 3
daren 34
darren 4
data 4
date 7
dave 6
david 12
day 17
days 13
dbas 1
dbq 2
deal 59
deals 26
debbie 1
deboisblanc 1
dec 16
december 20
decide 2
decisions 1
decreases 1
dedicated 1
dedication 1
del 2
delete 1
delhi 5
deliv 2
deliver 1
delivered 3
deliveries 4
delivering 1
delivery 11
denny 1
denver 1
description 6
designated 1
desire 1
desk 11
destec 1
details 4
determine 1
determined 1
devon 12
devote 1
diane 2
dicsuss 1
did 7
diedrich 1
different 6
difficult 1
difficulty 1
direction 2
directly 2
discrecpancy 1
discrepancy 1
discretion 1
discuss 3
discussed 2
discussion 1
distribution 1
distributions 2
divert 1
diverted 1
dnb 1
do 39
doc 2
documentation 2
documenting 1
dodge 1
does 7
doing 1
don 8
donald 7
done 9
donna 1
dorcheus 6
double 1
dow 1
down 3
draft 3
drafted 2
drushell 1
dscottl 8
due 11
duke 6
dulce 5
dunns 1
duns 2
dupont 1
during 10
duties 1
duty 2
dynamic 2
dynamics 1
dynegy 2
e 19
each 15
earl 2
earliest 1
early 4
east 7
ecf 1
ect 385
ed 1
edge 2
edi 1
edmondson 4
edward 3
effect 2
effective 8
effort 4
efforts 3
egmnom 4
egp 1
egpfc 1
eiben 1
eisenhours 1
either 10
electronic 1
elizabeth 1
ellis 2
elsa 6
else 6
email 4
employee 1
employees 2
en 1
ena 9
encina 2
encourage 3
end 3
ended 1
enerfin 1
energy 26
engage 4
enough 1
enron 103
ensure 5
enter 1
entered 3
entex 32
entirely 1
eog 1
eol 2
equistar 2
erroneously 1
error 5
errors 1
especially 2
esperanza 3
essentially 1
establish 1
estimate 8
estimates 1
etc 3
ethyl 1
even 2
evening 4
event 7
ever 3
evergreen 10
every 5
everyone 9
everything 1
excellent 1
except 3
exception 1
exclusively 1
executed 2
expected 2
expects 2
expense 15
expensed 1
expire 1
expired 3
expires 4
express 1
ext 2
extend 1
extended 2
extra 1
extremely 1
exxon 1
f 4
facility 2
fact 1
falfurrias 4
farm 1
farmer 18
fax 8
faye 3
feature 2
features 2
february 1
fed 2
fee 1
feedback 1
feel 8
feeling 1
felipe 2
few 7
fgt 1
field 7
fields 1
file 10
filled 1
final 3
finalization 2
find 4
firm 4
firmed 1
first 6
fischer 1
fixed 2
flag 2
fld 2
flow 28
flynn 2
follow 4
following 16
follows 2
for 201
force 2
forest 2
forgot 2
form 4
forms 2
forster 2
forward 6
forwarded 49
forwarding 1
found 1
fox 1
free 6
freeman 2
friday 3
from 76
front 3
ftp 1
fuel 3
fuels 2
function 2
further 4
future 2
fyi 11
g 1
gafford 1
gary 28
garza 1
gas 98
gasper 1
gate 1
gathered 1
gathering 10
gay 2
gco 4
gemc 5
generated 1
george 15
georgia 1
get 11
getting 3
gig 1
gilbert 3
give 6
given 4
globla 1
go 10
goes 2
going 2
gomes 4
good 2
gosnell 1
got 3
gottlob 1
gp 2
gpgfin 5
gpm 1
gpo 1
graham 2
grant 2
graves 7
great 5
greatest 1
greg 1
gregg 2
gregory 2
greta 2
gross 3
ground 1
group 17
gtc 7
guadalupe 2
guess 3
gulf 10
guy 1
h 4
had 4
hall 2
handle 4
handled 1
handling 2
handouts 1
hank 1
hankins 2
hanks 7
hanson 4
happen 1
happened 1
happy 1
hard 3
harris 2
harrison 1
has 39
have 90
haven 1
having 1
hawkins 3
haynes 1
hc 8
he 8
head 1
heal 1
hear 2
heard 1
hearing 1
heart 2
heather 1
heidi 4
held 2
help 11
helped 1
her 3
here 13
hernandez 1
herod 4
hesitate 1
hey 1
hhere 1
hi 2
high 3
higher 1
highest 1
highlight 1
highlighted 1
hilcorp 2
him 4
his 5
hl 7
hold 5
holiday 6
home 2
hope 2
hopefully 3
hoping 1
horizons 2
hortense 1
hou 203
hours 17
houston 12
how 8
howard 28
however 3
hpl 43
hplc 10
hpldecl 2
hpll 4
hplr 1
hsc 6
hub 2
hughes 4
hull 1
humble 2
huntsville 3
hymel 1
i 185
ic 1
id 5
idea 1
identify 3
if 63
iferc 1
igs 1
ii 1
impact 1
impacts 1
in 100
inc 10
include 2
included 2
incorrectly 1
increase 3
incremental 1
incurred 2
index 1
indicate 2
indicates 2
indices 1
individually 1
individuals 2
industrials 7
industries 2
inform 1
information 8
informed 5
initial 4
initially 3
initials 1
inlet 1
input 9
ins 2
instead 1
insure 1
intended 1
interconnects 1
interstate 3
into 39
intra 1
intrastate 1
invoice 3
invoiced 1
invoices 1
involved 1
is 196
island 4
isn 1
issue 17
issues 14
it 63
item 1
items 1
its 3
itself 1
j 24
jac 1
jackie 4
jackson 1
james 3
jan 28
janet 5
january 44
jason 1
jennifer 1
jennings 6
jersey 1
jeter 1
jill 2
jim 1
jo 2
joanie 1
job 2
joe 1
john 1
johnson 1
join 1
josey 6
julie 22
june 2
just 8
k 9
katherine 2
kathryn 2
katy 1
kcs 2
keep 6
kelly 2
ken 15
kenneth 12
kept 1
kerr 6
kerry 1
kevin 3
key 2
kickoff 2
kim 2
kimberly 11
kinds 1
king 10
km 3
kn 1
know 48
koch 19
krgp 2
kri 2
kristen 4
kyle 1
l 23
labeled 1
laencantada 1
lake 1
lamphier 2
landolt 2
language 3
lannou 5
larger 2
larry 2
last 6
lastest 1
late 1
later 2
latest 1
lauri 9
lavaca 1
lead 2
learn 2
learns 2
least 1
leave 4
leaves 1
lee 8
left 9
legal 3
legally 1
lehrer 1
lenart 2
less 15
let 35
letter 2
lewis 1
lichentwalter 1
like 13
lilly 1
limited 1
limiting 1
linda 5
line 16
linked 1
liquids 1
lisa 1
list 11
listed 2
listing 1
little 2
ll 11
llc 1
lloyd 6
location 4
locations 2
locke 1
log 2
logistics 4
lon 2
lone 1
lonestar 3
long 5
longer 4
look 7
looked 1
looking 1
looks 3
lot 3
love 1
lower 1
lowered 2
lp 5
ls 1
lst 5
ltd 1
lucas 2
luck 1
lunch 1
luong 2
lyondell 4
m 20
machine 1
macphail 1
mad 1
made 3
mail 9
mainly 1
maintenance 1
majure 2
make 11
maker 1
making 1
management 5
manager 4
manages 1
managment 4
mandey 1
mandy 1
many 3
marcello 2
maria 1
mark 1
marked 2
marketing 7
markey 1
marks 2
marlin 4
mary 11
mass 1
match 1
material 1
maxey 1
may 8
mcf 2
mcfaddin 1
mcgee 6
mckay 2
mclarney 2
mcmullan 1
mcmullen 4
me 63
mean 1
measurement 4
meet 4
meeting 6
meetings 2
melissa 9
members 4
memo 1
merry 1
message 2
meter 90
meters 9
methanol 15
method 1
meyers 9
mi 1
michael 2
mickey 1
midcoast 2
midcon 19
mider 2
might 3
migrate 1
migrated 1
mike 2
mile 1
millennium 1
min 1
mind 2
minerals 2
minutes 2
mips 2
misc 4
miscellaneous 2
miss 1
missed 1
missing 9
mitcham 1
mktg 2
mm 3
mmbtu 26
mobile 1
mod 1
mokeen 2
monday 3
monitor 1
month 28
monthly 3
months 5
moore 1
mops 3
more 9
morgan 1
morning 6
mornings 1
morris 10
moseman 1
mosey 1
moss 1
most 5
move 4
moved 4
mscf 1
mtbe 1
mtd 1
mtr 2
much 10
must 2
mustang 2
my 24
myself 1
n 6
nachlinger 1
name 1
nat 4
natural 2
nd 4
neal 1
necessary 6
need 47
needed 1
needs 10
negotiate 2
net 4
neuner 2
neuweiler 4
new 23
newcomers 2
next 12
ngo 1
ngpl 5
nguyen 10
nice 1
niestrath 2
nightly 1
nng 1
no 30
nom 26
nomed 1
nominate 2
nominated 10
nominates 2
nomination 10
nominations 5
nommensen 4
noms 21
non 1
none 1
noon 3
nor 2
north 11
northern 1
not 55
note 4
notes 2
nothing 4
notice 4
notification 2
notified 1
notify 4
nov 11
november 9
now 9
number 12
numbers 6
nwgg 2
o 5
oasis 2
obvious 1
occasionally 2
occidental 1
occurred 1
oct 9
october 2
ocurring 1
of 144
off 7
offer 3
offering 1
office 12
offshore 1
offsystem 3
ohio 1
oil 4
ok 1
okay 1
old 6
omission 1
on 176
oncall 2
once 7
one 9
ones 1
online 1
only 6
onshore 1
open 4
operating 6
operational 2
operationally 2
operations 1
opinion 1
or 45
order 2
organize 2
originally 1
oss 11
other 10
otherwise 2
our 21
out 27
outage 7
outages 2
outstanding 2
over 18
overs 1
own 3
owns 1
p 15
package 4
page 3
pager 5
pages 1
pamela 1
papayoti 4
paper 2
part 4
particular 1
party 1
pasadena 1
pass 1
passed 1
pat 14
path 5
pathed 5
pathing 1
paths 5
patient 1
paul 1
paula 1
payments 1
payne 2
pays 2
pdc 2
pdn 6
pennzenergy 7
pennzoil 3
pentex 2
people 2
peoples 2
per 8
performance 1
period 3
person 2
personell 1
personnel 1
persons 1
petro 3
petroleum 6
pham 1
phases 2
phibro 1
philadelphia 1
phillips 4
phone 3
pick 1
picked 1
picks 1
pictures 1
pierre 1
pigging 1
pinion 4
pipe 9
pipeline 7
pipes 2
place 7
plains 1
plan 2
plant 26
please 68
pm 66
point 22
points 6
polk 1
polymer 1
pool 10
pooling 4
pops 5
portfolio 2
position 4
positive 1
possibility 1
possible 6
possibly 1
potential 2
powder 3
prefers 1
prentice 1
prepare 1
preparing 1
present 1
president 1
pressure 1
pretty 3
previously 1
price 4
priced 2
prices 1
pricing 1
primary 2
print 1
prior 4
privileged 1
prize 4
probably 2
problem 6
problems 4
proceed 1
process 11
processing 6
prod 1
produced 1
producer 6
producers 2
production 28
profile 1
projector 1
properly 1
properties 1
property 3
proton 2
proud 1
provide 7
provided 4
provides 1
provision 1
provisions 2
ps 1
purchase 5
purchased 1
purchaser 2
purchasing 1
purge 4
purpose 2
pursuant 2
put 5
pvr 3
qty 2
quality 1
question 3
questions 30
quick 2
quickly 2
quirk 1
r 1
ranch 20
randall 2
ranked 2
rarely 1
rate 5
rates 12
rather 3
rd 8
re 44
reachable 1
reached 1
read 1
reads 2
real 3
realize 1
reason 1
reassigned 1
rec 3
recap 2
receipt 7
receive 3
received 4
recent 3
recollection 2
reconciliation 1
record 2
records 1
reduce 1
reduction 3
ref 1
reference 4
referenced 2
referred 1
referring 1
refers 1
reflected 1
refugio 1
regarding 6
regards 1
reinhardt 2
reiterate 1
relating 2
relative 3
reliant 3
reliantenergy 5
remainder 1
remembered 1
remembers 1
reminder 1
rennie 1
rep 1
replace 2
report 2
reports 1
representing 2
republic 1
request 1
requests 1
require 1
requirement 1
requirements 2
research 1
researched 1
reserve 2
residue 1
resolution 1
resolve 8
resolved 6
resolving 2
resources 13
respective 2
response 3
responsibilites 2
responsibilities 2
responsibility 3
responsible 2
rest 3
return 3
returning 1
rev 4
revealed 1
revenue 1
review 3
reviewed 3
revised 5
revision 3
rhonda 6
rice 1
richard 5
rick 1
right 4
risk 1
rita 3
river 6
rivers 10
robert 12
robinson 5
roc 1
rodney 2
rodriguez 3
rogers 2
rohan 1
roll 3
rom 2
romano 2
romeo 2
room 1
roper 1
round 1
row 5
rows 1
royal 4
royalty 1
runs 1
s 22
sabine 1
safe 1
said 3
sale 8
sales 6
sally 3
samson 1
samuel 1
san 3
sandtrap 1
sarco 2
saturday 1
say 1
saying 1
says 2
scada 2
scale 1
sched 1
schedule 4
scheduled 6
schedulers 4
schedules 1
scheduling 2
schott 1
schumack 3
scotty 6
screen 1
scs 1
seaman 12
search 1
season 1
second 2
secure 2
security 1
see 19
seem 2
seems 1
seen 3
selected 1
sell 11
selling 1
sells 2
send 8
sending 1
sends 1
sent 7
separate 1
september 1
server 1
service 6
services 2
set 9
setting 2
settlement 1
settlements 4
setup 4
several 3
shawn 1
shawna 2
she 7
sheet 2
shell 1
sheridan 2
sherlyn 3
ship 8
shipper 1
shippling 1
shorter 1
should 26
show 5
shows 9
shuler 3
shut 9
shy 1
significant 1
since 12
single 2
sitara 20
situation 2
situations 2
sliding 1
smith 10
smooth 1
smoothly 1
so 21
sold 15
sole 1
solmonson 2
some 25
someone 8
something 3
sometime 4
sometimes 2
soon 13
sorry 4
sort 2
soul 1
sourced 1
south 6
southeastern 1
southern 4
souza 2
speak 4
specific 1
specifically 2
speed 2
spekels 1
spencer 1
spent 1
spindletop 2
spinnaker 1
split 4
spoke 2
spot 8
spreadsheet 2
st 2
stacey 7
stacy 1
staffs 1
stands 1
star 1
start 4
started 3
starting 2
starts 1
statement 3
status 7
steagall 2
stella 21
step 1
stephanie 6
steve 2
steven 1
still 6
stop 4
stopped 1
story 1
strand 2
strangas 1
strange 1
stratton 1
street 1
stretch 2
structuring 1
stx 3
subject 170
subjects 1
submit 1
submitted 1
success 4
successful 1
successfully 1
such 2
suggest 2
suggested 4
suggestions 1
suite 2
superior 1
supplied 1
supply 12
support 7
supports 2
suppressed 1
suppression 1
sure 11
surprise 1
surprised 1
surprises 1
survived 1
susan 10
suspect 1
suspected 1
sutton 3
svehla 1
swickheimer 4
swift 3
swing 5
swings 1
swinney 2
system 7
t 17
table 2
tailgate 2
take 6
taken 2
takes 3
taking 2
talber 2
talented 1
talk 1
talks 2
tammi 1
tap 3
taught 1
taylor 3
tbd 2
team 9
teco 5
tejas 8
tejones 2
telephone 1
tell 3
tells 2
tennessee 1
term 3
termed 8
terminated 3
terry 2
test 1
testing 2
tetco 2
texaco 1
texas 26
tgpl 1
tgt 1
th 26
than 5
thank 3
thanks 67
that 118
the 437
their 12
them 10
then 9
there 48
therefore 6
theresa 1
these 26
they 18
things 3
think 8
this 158
thompson 1
thompsonville 3
those 6
thought 2
three 11
through 20
throughout 2
throught 1
thru 8
thu 19
thursday 8
ticket 10
tickets 3
tie 4
till 1
time 11
timeframe 1
timely 1
times 2
tina 1
tisdale 2
title 2
titles 2
tivoli 3
to 394
tobacco 1
today 5
together 1
told 2
tom 1
tomcat 10
tommy 1
tomorrow 6
took 2
top 1
total 4
track 1
tracked 1
tracking 1
trade 1
trader 5
traders 3
training 5
trans 2
transaction 8
transactions 3
transalta 1
transco 4
transistion 5
transition 5
transitioned 1
transport 15
transported 3
transports 2
travel 1
tree 1
trevino 6
trigger 2
trisha 1
troy 1
truly 3
try 3
tuesday 1
tung 1
turn 1
two 8
tx 8
txu 3
type 2
types 3
typically 1
ua 8
unable 2
unassigned 2
under 3
unders 1
understand 1
understanding 8
undeveloped 1
unify 12
united 4
unix 3
unless 1
unocal 1
unpathed 5
unresolved 3
unsresolved 1
until 6
up 38
update 2
updated 2
updates 3
upon 1
us 13
usage 1
use 5
used 5
uses 1
using 2
usual 1
usually 3
v 1
vacation 3
valadez 1
valero 8
valid 1
valuable 1
vance 4
variances 1
various 3
vastar 8
vaughn 12
ve 5
venturatos 1
verbal 1
verbally 1
verify 1
very 4
via 6
victoria 7
viewed 1
villarreal 2
vintage 7
virginia 2
vlt 2
voice 6
vols 2
volume 36
volumes 16
w 2
wait 1
walkthru 1
wallis 2
walter 1
walters 1
walther 2
want 9
wanted 2
wants 1
ward 1
was 40
waskom 7
wasn 3
way 2
we 68
wednesday 4
week 12
weekend 2
weekly 1
weird 1
weissman 6
well 9
wellhead 5
wells 1
went 2
were 10
what 28
when 10
where 5
whether 3
which 11
while 2
whiteboard 4
whiting 1
who 11
whole 1
whom 3
why 4
will 72
william 1
willingness 1
winfree 1
winning 1
wish 1
with 67
withers 7
within 2
without 1
won 2
wonderful 1
wondering 1
woodlands 3
work 15
workday 2
worked 2
working 6
works 1
would 23
wouldn 1
written 2
wrong 2
wynne 2
x 12
xl 1
xls 16
y 6
ya 2
yanowski 1
year 9
years 2
yellow 1
yes 2
yesterday 4
yet 1
you 130
young 2
your 27
yours 1
zamit 2
zapata 2
zero 9
zivley 1
zone 6
zones 1
